[debug] [2020-04-02T08:31:56.293Z] ----------------------------------------------------------------------
[debug] [2020-04-02T08:31:56.294Z] Command:       /usr/local/bin/node /usr/local/bin/firebase init
[debug] [2020-04-02T08:31:56.294Z] CLI Version:   7.11.0
[debug] [2020-04-02T08:31:56.294Z] Platform:      darwin
[debug] [2020-04-02T08:31:56.294Z] Node Version:  v13.11.0
[debug] [2020-04-02T08:31:56.295Z] Time:          Thu Apr 02 2020 10:31:56 GMT+0200 (centraleuropeisk sommartid)
[debug] [2020-04-02T08:31:56.295Z] ----------------------------------------------------------------------
[debug] [2020-04-02T08:31:56.295Z] 
[debug] [2020-04-02T08:31:56.308Z] > command requires scopes: ["email","openid","https://www.googleapis.com/auth/cloudplatformprojects.readonly","https://www.googleapis.com/auth/firebase","https://www.googleapis.com/auth/cloud-platform"]
[debug] [2020-04-02T08:31:56.309Z] > authorizing via signed-in user
[info] 
     ######## #### ########  ######## ########     ###     ######  ########
     ##        ##  ##     ## ##       ##     ##  ##   ##  ##       ##
     ######    ##  ########  ######   ########  #########  ######  ######
     ##        ##  ##    ##  ##       ##     ## ##     ##       ## ##
     ##       #### ##     ## ######## ########  ##     ##  ######  ########

You're about to initialize a Firebase project in this directory:

  /Users/jasminebergdahl

Before we get started, keep in mind:

  * You are initializing in an existing Firebase project directory

[info] 
=== Project Setup
[info] 
[info] First, let's associate this project directory with a Firebase project.
[info] You can create multiple project aliases by running firebase use --add, 
[info] but for now we'll just set up a default project.
[info] 
[info] i  .firebaserc already has a default project, using ajli-d22a6.
[debug] [2020-04-02T08:31:59.110Z] >>> HTTP REQUEST GET https://firebase.googleapis.com/v1beta1/projects/ajli-d22a6  
 
[debug] [2020-04-02T08:31:59.304Z] <<< HTTP RESPONSE 200
[info] 
=== Database Setup
[info] 
[info] Firebase Realtime Database Rules allow you to define how your data should be
[info] structured and when your data can be read from and written to.
[info] 
